   0.0000E+00    0.0000E+00    0.1879E-06    0.5675E-02
   0.1000E+01    0.0000E+00    0.1877E-06    0.5672E-02
   0.2000E+01    0.0000E+00    0.1875E-06    0.5665E-02
   0.3000E+01    0.0000E+00    0.1873E-06    0.5653E-02
   0.4000E+01    0.0000E+00    0.1871E-06    0.5638E-02
   0.5000E+01    0.0000E+00    0.1869E-06    0.5618E-02
   0.6000E+01    0.0000E+00    0.1866E-06    0.5595E-02
   0.7000E+01    0.0000E+00    0.1864E-06    0.5567E-02
   0.8000E+01    0.0000E+00    0.1861E-06    0.5536E-02
   0.9000E+01    0.0000E+00    0.1858E-06    0.5501E-02
   0.1000E+02    0.0000E+00    0.1855E-06    0.5462E-02
   0.1100E+02    0.0000E+00    0.1851E-06    0.5419E-02
   0.1200E+02    0.0000E+00    0.1848E-06    0.5372E-02
   0.1300E+02    0.0000E+00    0.1844E-06    0.5322E-02
   0.1400E+02    0.0000E+00    0.1840E-06    0.5269E-02
   0.1500E+02    0.0000E+00    0.1837E-06    0.5211E-02
   0.1600E+02    0.0000E+00    0.1832E-06    0.5151E-02
   0.1700E+02    0.0000E+00    0.1828E-06    0.5088E-02
   0.1800E+02    0.0000E+00    0.1824E-06    0.5021E-02
   0.1900E+02    0.0000E+00    0.1819E-06    0.4951E-02
   0.2000E+02    0.0000E+00    0.1815E-06    0.4878E-02
   0.2100E+02    0.0000E+00    0.1810E-06    0.4803E-02
   0.2200E+02    0.0000E+00    0.1805E-06    0.4725E-02
   0.2300E+02    0.0000E+00    0.1800E-06    0.4644E-02
   0.2400E+02    0.0000E+00    0.1794E-06    0.4561E-02
   0.2500E+02    0.0000E+00    0.1789E-06    0.4476E-02
   0.2600E+02    0.0000E+00    0.1783E-06    0.4389E-02
   0.2700E+02    0.0000E+00    0.1778E-06    0.4299E-02
   0.2800E+02    0.0000E+00    0.1772E-06    0.4208E-02
   0.2900E+02    0.0000E+00    0.1766E-06    0.4115E-02
   0.3000E+02    0.0000E+00    0.1760E-06    0.4021E-02
   0.3100E+02    0.0000E+00    0.1754E-06    0.3925E-02
   0.3200E+02    0.0000E+00    0.1748E-06    0.3827E-02
   0.3300E+02    0.0000E+00    0.1741E-06    0.3729E-02
   0.3400E+02    0.0000E+00    0.1735E-06    0.3630E-02
   0.3500E+02    0.0000E+00    0.1728E-06    0.3530E-02
   0.3600E+02    0.0000E+00    0.1722E-06    0.3429E-02
   0.3700E+02    0.0000E+00    0.1715E-06    0.3327E-02
   0.3800E+02    0.0000E+00    0.1708E-06    0.3225E-02
   0.3900E+02    0.0000E+00    0.1701E-06    0.3123E-02
   0.4000E+02    0.0000E+00    0.1694E-06    0.3021E-02
   0.4100E+02    0.0000E+00    0.1687E-06    0.2919E-02
   0.4200E+02    0.0000E+00    0.1680E-06    0.2817E-02
   0.4300E+02    0.0000E+00    0.1672E-06    0.2716E-02
   0.4400E+02    0.0000E+00    0.1665E-06    0.2615E-02
   0.4500E+02    0.0000E+00    0.1657E-06    0.2514E-02
   0.4600E+02    0.0000E+00    0.1650E-06    0.2414E-02
   0.4700E+02    0.0000E+00    0.1642E-06    0.2315E-02
   0.4800E+02    0.0000E+00    0.1634E-06    0.2217E-02
   0.4900E+02    0.0000E+00    0.1627E-06    0.2120E-02
   0.5000E+02    0.0000E+00    0.1619E-06    0.2025E-02
   0.5100E+02    0.0000E+00    0.1611E-06    0.1930E-02
   0.5200E+02    0.0000E+00    0.1603E-06    0.1837E-02
   0.5300E+02    0.0000E+00    0.1595E-06    0.1746E-02
   0.5400E+02    0.0000E+00    0.1587E-06    0.1656E-02
   0.5500E+02    0.0000E+00    0.1579E-06    0.1568E-02
   0.5600E+02    0.0000E+00    0.1570E-06    0.1482E-02
   0.5700E+02    0.0000E+00    0.1562E-06    0.1398E-02
   0.5800E+02    0.0000E+00    0.1554E-06    0.1316E-02
   0.5900E+02    0.0000E+00    0.1546E-06    0.1235E-02
   0.6000E+02    0.0000E+00    0.1537E-06    0.1157E-02
   0.6100E+02    0.0000E+00    0.1529E-06    0.1082E-02
   0.6200E+02    0.0000E+00    0.1521E-06    0.1008E-02
   0.6300E+02    0.0000E+00    0.1512E-06    0.9371E-03
   0.6400E+02    0.0000E+00    0.1504E-06    0.8684E-03
   0.6500E+02    0.0000E+00    0.1495E-06    0.8022E-03
   0.6600E+02    0.0000E+00    0.1487E-06    0.7384E-03
   0.6700E+02    0.0000E+00    0.1478E-06    0.6772E-03
   0.6800E+02    0.0000E+00    0.1470E-06    0.6187E-03
   0.6900E+02    0.0000E+00    0.1461E-06    0.5627E-03
   0.7000E+02    0.0000E+00    0.1453E-06    0.5093E-03
   0.7100E+02    0.0000E+00    0.1444E-06    0.4587E-03
   0.7200E+02    0.0000E+00    0.1436E-06    0.4107E-03
   0.7300E+02    0.0000E+00    0.1427E-06    0.3654E-03
   0.7400E+02    0.0000E+00    0.1419E-06    0.3228E-03
   0.7500E+02    0.0000E+00    0.1410E-06    0.2829E-03
   0.7600E+02    0.0000E+00    0.1402E-06    0.2457E-03
   0.7700E+02    0.0000E+00    0.1393E-06    0.2112E-03
   0.7800E+02    0.0000E+00    0.1385E-06    0.1794E-03
   0.7900E+02    0.0000E+00    0.1376E-06    0.1503E-03
   0.8000E+02    0.0000E+00    0.1368E-06    0.1239E-03
   0.8100E+02    0.0000E+00    0.1359E-06    0.1001E-03
   0.8200E+02    0.0000E+00    0.1351E-06    0.7891E-04
   0.8300E+02    0.0000E+00    0.1343E-06    0.6033E-04
   0.8400E+02    0.0000E+00    0.1334E-06    0.4432E-04
   0.8500E+02    0.0000E+00    0.1326E-06    0.3084E-04
   0.8600E+02    0.0000E+00    0.1318E-06    0.1985E-04
   0.8700E+02    0.0000E+00    0.1310E-06    0.1131E-04
   0.8800E+02    0.0000E+00    0.1302E-06    0.5195E-05
   0.8900E+02    0.0000E+00    0.1293E-06    0.1447E-05
   0.9000E+02    0.0000E+00    0.1285E-06    0.2087E-07
   0.9100E+02    0.0000E+00    0.1277E-06    0.8691E-06
   0.9200E+02    0.0000E+00    0.1269E-06    0.3940E-05
   0.9300E+02    0.0000E+00    0.1262E-06    0.9180E-05
   0.9400E+02    0.0000E+00    0.1254E-06    0.1653E-04
   0.9500E+02    0.0000E+00    0.1246E-06    0.2595E-04
   0.9600E+02    0.0000E+00    0.1238E-06    0.3736E-04
   0.9700E+02    0.0000E+00    0.1231E-06    0.5071E-04
   0.9800E+02    0.0000E+00    0.1223E-06    0.6594E-04
   0.9900E+02    0.0000E+00    0.1215E-06    0.8298E-04
   0.1000E+03    0.0000E+00    0.1208E-06    0.1018E-03
   0.1010E+03    0.0000E+00    0.1201E-06    0.1223E-03
   0.1020E+03    0.0000E+00    0.1193E-06    0.1444E-03
   0.1030E+03    0.0000E+00    0.1186E-06    0.1681E-03
   0.1040E+03    0.0000E+00    0.1179E-06    0.1932E-03
   0.1050E+03    0.0000E+00    0.1172E-06    0.2198E-03
   0.1060E+03    0.0000E+00    0.1165E-06    0.2478E-03
   0.1070E+03    0.0000E+00    0.1158E-06    0.2770E-03
   0.1080E+03    0.0000E+00    0.1151E-06    0.3075E-03
   0.1090E+03    0.0000E+00    0.1145E-06    0.3391E-03
   0.1100E+03    0.0000E+00    0.1138E-06    0.3718E-03
   0.1110E+03    0.0000E+00    0.1131E-06    0.4056E-03
   0.1120E+03    0.0000E+00    0.1125E-06    0.4403E-03
   0.1130E+03    0.0000E+00    0.1119E-06    0.4759E-03
   0.1140E+03    0.0000E+00    0.1112E-06    0.5123E-03
   0.1150E+03    0.0000E+00    0.1106E-06    0.5495E-03
   0.1160E+03    0.0000E+00    0.1100E-06    0.5874E-03
   0.1170E+03    0.0000E+00    0.1094E-06    0.6259E-03
   0.1180E+03    0.0000E+00    0.1088E-06    0.6651E-03
   0.1190E+03    0.0000E+00    0.1083E-06    0.7047E-03
   0.1200E+03    0.0000E+00    0.1077E-06    0.7448E-03
   0.1210E+03    0.0000E+00    0.1071E-06    0.7852E-03
   0.1220E+03    0.0000E+00    0.1066E-06    0.8260E-03
   0.1230E+03    0.0000E+00    0.1060E-06    0.8671E-03
   0.1240E+03    0.0000E+00    0.1055E-06    0.9084E-03
   0.1250E+03    0.0000E+00    0.1050E-06    0.9499E-03
   0.1260E+03    0.0000E+00    0.1045E-06    0.9915E-03
   0.1270E+03    0.0000E+00    0.1040E-06    0.1033E-02
   0.1280E+03    0.0000E+00    0.1035E-06    0.1075E-02
   0.1290E+03    0.0000E+00    0.1031E-06    0.1116E-02
   0.1300E+03    0.0000E+00    0.1026E-06    0.1158E-02
   0.1310E+03    0.0000E+00    0.1021E-06    0.1199E-02
   0.1320E+03    0.0000E+00    0.1017E-06    0.1240E-02
   0.1330E+03    0.0000E+00    0.1013E-06    0.1281E-02
   0.1340E+03    0.0000E+00    0.1009E-06    0.1322E-02
   0.1350E+03    0.0000E+00    0.1005E-06    0.1362E-02
   0.1360E+03    0.0000E+00    0.1001E-06    0.1402E-02
   0.1370E+03    0.0000E+00    0.9968E-07    0.1442E-02
   0.1380E+03    0.0000E+00    0.9931E-07    0.1481E-02
   0.1390E+03    0.0000E+00    0.9894E-07    0.1520E-02
   0.1400E+03    0.0000E+00    0.9859E-07    0.1558E-02
   0.1410E+03    0.0000E+00    0.9825E-07    0.1595E-02
   0.1420E+03    0.0000E+00    0.9793E-07    0.1632E-02
   0.1430E+03    0.0000E+00    0.9761E-07    0.1668E-02
   0.1440E+03    0.0000E+00    0.9731E-07    0.1704E-02
   0.1450E+03    0.0000E+00    0.9701E-07    0.1739E-02
   0.1460E+03    0.0000E+00    0.9673E-07    0.1773E-02
   0.1470E+03    0.0000E+00    0.9646E-07    0.1807E-02
   0.1480E+03    0.0000E+00    0.9620E-07    0.1840E-02
   0.1490E+03    0.0000E+00    0.9595E-07    0.1872E-02
   0.1500E+03    0.0000E+00    0.9571E-07    0.1903E-02
   0.1510E+03    0.0000E+00    0.9548E-07    0.1933E-02
   0.1520E+03    0.0000E+00    0.9527E-07    0.1963E-02
   0.1530E+03    0.0000E+00    0.9506E-07    0.1991E-02
   0.1540E+03    0.0000E+00    0.9487E-07    0.2019E-02
   0.1550E+03    0.0000E+00    0.9468E-07    0.2046E-02
   0.1560E+03    0.0000E+00    0.9451E-07    0.2072E-02
   0.1570E+03    0.0000E+00    0.9435E-07    0.2096E-02
   0.1580E+03    0.0000E+00    0.9420E-07    0.2120E-02
   0.1590E+03    0.0000E+00    0.9406E-07    0.2143E-02
   0.1600E+03    0.0000E+00    0.9394E-07    0.2165E-02
   0.1610E+03    0.0000E+00    0.9382E-07    0.2186E-02
   0.1620E+03    0.0000E+00    0.9371E-07    0.2206E-02
   0.1630E+03    0.0000E+00    0.9362E-07    0.2225E-02
   0.1640E+03    0.0000E+00    0.9353E-07    0.2242E-02
   0.1650E+03    0.0000E+00    0.9346E-07    0.2259E-02
   0.1660E+03    0.0000E+00    0.9340E-07    0.2274E-02
   0.1670E+03    0.0000E+00    0.9334E-07    0.2289E-02
   0.1680E+03    0.0000E+00    0.9330E-07    0.2302E-02
   0.1690E+03    0.0000E+00    0.9327E-07    0.2315E-02
   0.1700E+03    0.0000E+00    0.9325E-07    0.2326E-02
   0.1710E+03    0.0000E+00    0.9324E-07    0.2336E-02
   0.1720E+03    0.0000E+00    0.9324E-07    0.2345E-02
   0.1730E+03    0.0000E+00    0.9325E-07    0.2353E-02
   0.1740E+03    0.0000E+00    0.9327E-07    0.2360E-02
   0.1750E+03    0.0000E+00    0.9331E-07    0.2365E-02
   0.1760E+03    0.0000E+00    0.9335E-07    0.2370E-02
   0.1770E+03    0.0000E+00    0.9340E-07    0.2373E-02
   0.1780E+03    0.0000E+00    0.9346E-07    0.2375E-02
   0.1790E+03    0.0000E+00    0.9354E-07    0.2376E-02
   0.1800E+03    0.0000E+00    0.9362E-07    0.2376E-02
